build/outputs/logs/manifest-merger-release-report.txt
-- Merging decision tree log ---
manifest
ADDED from workspace/OpenDelta_RR/AndroidManifest.xml:2:1-69:12
	package
		ADDED from workspace/OpenDelta_RR/AndroidManifest.xml:3:2-32
	android:versionName
		ADDED from workspace/OpenDelta_RR/AndroidManifest.xml:5:2-27
		INJECTED from workspace/OpenDelta_RR/AndroidManifest.xml
		INJECTED from workspace/OpenDelta_RR/AndroidManifest.xml
	android:versionCode
		ADDED from workspace/OpenDelta_RR/AndroidManifest.xml:4:2-26
		INJECTED from workspace/OpenDelta_RR/AndroidManifest.xml
		INJECTED from workspace/OpenDelta_RR/AndroidManifest.xml
	xmlns:android
		ADDED from workspace/OpenDelta_RR/AndroidManifest.xml:2:11-69
uses-sdk
ADDED from workspace/OpenDelta_RR/AndroidManifest.xml:6:2-8:35
MERGED from [com.android.support:cardview-v7:23.2.1] AndroidManifest.xml:20:5-43
	android:targetSdkVersion
		ADDED from workspace/OpenDelta_RR/AndroidManifest.xml:8:3-32
	android:minSdkVersion
		ADDED from workspace/OpenDelta_RR/AndroidManifest.xml:7:3-29
uses-permission#android.permission.WAKE_LOCK
ADDED from workspace/OpenDelta_RR/AndroidManifest.xml:9:2-65
	android:name
		ADDED from workspace/OpenDelta_RR/AndroidManifest.xml:9:19-62
uses-permission#android.permission.WRITE_EXTERNAL_STORAGE
ADDED from workspace/OpenDelta_RR/AndroidManifest.xml:10:2-78
	android:name
		ADDED from workspace/OpenDelta_RR/AndroidManifest.xml:10:19-75
uses-permission#android.permission.READ_EXTERNAL_STORAGE
ADDED from workspace/OpenDelta_RR/AndroidManifest.xml:11:2-77
	android:name
		ADDED from workspace/OpenDelta_RR/AndroidManifest.xml:11:19-74
uses-permission#android.permission.ACCESS_NETWORK_STATE
ADDED from workspace/OpenDelta_RR/AndroidManifest.xml:12:2-76
	android:name
		ADDED from workspace/OpenDelta_RR/AndroidManifest.xml:12:19-73
uses-permission#android.permission.ACCESS_WIFI_STATE
ADDED from workspace/OpenDelta_RR/AndroidManifest.xml:13:2-73
	android:name
		ADDED from workspace/OpenDelta_RR/AndroidManifest.xml:13:19-70
uses-permission#android.permission.CHANGE_WIFI_STATE
ADDED from workspace/OpenDelta_RR/AndroidManifest.xml:14:2-73
	android:name
		ADDED from workspace/OpenDelta_RR/AndroidManifest.xml:14:19-70
uses-permission#android.permission.BROADCAST_STICKY
ADDED from workspace/OpenDelta_RR/AndroidManifest.xml:15:2-72
	android:name
		ADDED from workspace/OpenDelta_RR/AndroidManifest.xml:15:19-69
uses-permission#android.permission.INTERNET
ADDED from workspace/OpenDelta_RR/AndroidManifest.xml:16:2-64
	android:name
		ADDED from workspace/OpenDelta_RR/AndroidManifest.xml:16:19-61
uses-permission#android.permission.RECEIVE_BOOT_COMPLETED
ADDED from workspace/OpenDelta_RR/AndroidManifest.xml:17:2-78
	android:name
		ADDED from workspace/OpenDelta_RR/AndroidManifest.xml:17:19-75
uses-permission#android.permission.ACCESS_CACHE_FILESYSTEM
ADDED from workspace/OpenDelta_RR/AndroidManifest.xml:18:2-79
	android:name
		ADDED from workspace/OpenDelta_RR/AndroidManifest.xml:18:19-76
uses-permission#android.permission.REBOOT
ADDED from workspace/OpenDelta_RR/AndroidManifest.xml:19:2-62
	android:name
		ADDED from workspace/OpenDelta_RR/AndroidManifest.xml:19:19-59
uses-permission#android.permission.RECOVERY
ADDED from workspace/OpenDelta_RR/AndroidManifest.xml:20:2-64
	android:name
		ADDED from workspace/OpenDelta_RR/AndroidManifest.xml:20:19-61
application
ADDED from workspace/OpenDelta_RR/AndroidManifest.xml:22:2-68:16
MERGED from [com.android.support:cardview-v7:23.2.1] AndroidManifest.xml:22:5-20
	android:label
		ADDED from workspace/OpenDelta_RR/AndroidManifest.xml:26:3-35
	android:allowBackup
		ADDED from workspace/OpenDelta_RR/AndroidManifest.xml:24:3-30
	android:icon
		ADDED from workspace/OpenDelta_RR/AndroidManifest.xml:25:3-38
	android:name
		ADDED from workspace/OpenDelta_RR/AndroidManifest.xml:23:3-50
activity#com.resurrection.ota.MainActivity
ADDED from workspace/OpenDelta_RR/AndroidManifest.xml:27:3-44:14
	android:label
		ADDED from workspace/OpenDelta_RR/AndroidManifest.xml:29:4-33
	android:launchMode
		ADDED from workspace/OpenDelta_RR/AndroidManifest.xml:30:4-39
	android:theme
		ADDED from workspace/OpenDelta_RR/AndroidManifest.xml:31:4-42
	android:name
		ADDED from workspace/OpenDelta_RR/AndroidManifest.xml:28:4-52
intent-filter#android.intent.action.MAIN+android.settings.SYSTEM_UPDATE_SETTINGS
ADDED from workspace/OpenDelta_RR/AndroidManifest.xml:32:4-43:20
	android:priority
		ADDED from workspace/OpenDelta_RR/AndroidManifest.xml:32:19-48
action#android.settings.SYSTEM_UPDATE_SETTINGS
ADDED from workspace/OpenDelta_RR/AndroidManifest.xml:38:5-70
	android:name
		ADDED from workspace/OpenDelta_RR/AndroidManifest.xml:38:13-67
action#android.intent.action.MAIN
ADDED from workspace/OpenDelta_RR/AndroidManifest.xml:41:5-57
	android:name
		ADDED from workspace/OpenDelta_RR/AndroidManifest.xml:41:13-54
activity#com.resurrection.ota.Shortcut
ADDED from workspace/OpenDelta_RR/AndroidManifest.xml:45:3-53:14
	android:label
		ADDED from workspace/OpenDelta_RR/AndroidManifest.xml:47:4-33
	android:theme
		ADDED from workspace/OpenDelta_RR/AndroidManifest.xml:48:4-63
	android:name
		ADDED from workspace/OpenDelta_RR/AndroidManifest.xml:46:4-48
intent-filter#android.intent.action.CREATE_SHORTCUT+android.intent.category.DEFAULT
ADDED from workspace/OpenDelta_RR/AndroidManifest.xml:49:4-52:20
action#android.intent.action.CREATE_SHORTCUT
ADDED from workspace/OpenDelta_RR/AndroidManifest.xml:50:5-68
	android:name
		ADDED from workspace/OpenDelta_RR/AndroidManifest.xml:50:13-65
category#android.intent.category.DEFAULT
ADDED from workspace/OpenDelta_RR/AndroidManifest.xml:51:5-64
	android:name
		ADDED from workspace/OpenDelta_RR/AndroidManifest.xml:51:15-61
activity#com.resurrection.ota.SettingsActivity
ADDED from workspace/OpenDelta_RR/AndroidManifest.xml:54:3-58:14
	android:label
		ADDED from workspace/OpenDelta_RR/AndroidManifest.xml:56:4-41
	android:theme
		ADDED from workspace/OpenDelta_RR/AndroidManifest.xml:57:4-51
	android:name
		ADDED from workspace/OpenDelta_RR/AndroidManifest.xml:55:4-56
receiver#com.resurrection.ota.BootCompleteReceiver
ADDED from workspace/OpenDelta_RR/AndroidManifest.xml:59:3-64:14
	android:name
		ADDED from workspace/OpenDelta_RR/AndroidManifest.xml:59:13-69
intent-filter#android.intent.action.BOOT_COMPLETED+android.intent.category.HOME
ADDED from workspace/OpenDelta_RR/AndroidManifest.xml:60:4-63:20
action#android.intent.action.BOOT_COMPLETED
ADDED from workspace/OpenDelta_RR/AndroidManifest.xml:61:5-67
	android:name
		ADDED from workspace/OpenDelta_RR/AndroidManifest.xml:61:13-64
category#android.intent.category.HOME
ADDED from workspace/OpenDelta_RR/AndroidManifest.xml:62:5-61
	android:name
		ADDED from workspace/OpenDelta_RR/AndroidManifest.xml:62:15-58
service#com.resurrection.ota.UpdateService
ADDED from workspace/OpenDelta_RR/AndroidManifest.xml:65:3-67:31
	android:exported
		ADDED from workspace/OpenDelta_RR/AndroidManifest.xml:67:4-28
	android:name
		ADDED from workspace/OpenDelta_RR/AndroidManifest.xml:66:4-53